Daemon process terminated and closed the connection

Messages from the log:
[NX v20.8.3 Daemon Server] - 2025-12-09T08:50:18.784Z - Closed a connection. Number of open connections: 0
[NX v20.8.3 Daemon Server] - 2025-12-09T08:50:18.787Z - [WATCHER]: Stopping the watcher for D:\ALM\SLB (outputs)
[NX v20.8.3 Daemon Server] - 2025-12-09T08:50:18.791Z - Server stopped because: "LOCK_FILES_CHANGED"
[NX v20.8.3 Daemon Server] - 2025-12-09T08:50:35.253Z - Started listening on: \\.\pipe\nx\C:\Users\SHEHBA~1.KHA\AppData\Local\Temp\c1cdf738db56522b10d7\d.sock
[NX v20.8.3 Daemon Server] - 2025-12-09T08:50:35.277Z - [WATCHER]: Subscribed to changes within: D:\ALM\SLB (native)
[NX v20.8.3 Daemon Server] - 2025-12-09T08:50:35.310Z - Established a connection. Number of open connections: 1
[NX v20.8.3 Daemon Server] - 2025-12-09T08:50:35.313Z - Established a connection. Number of open connections: 2
[NX v20.8.3 Daemon Server] - 2025-12-09T08:50:35.314Z - Established a connection. Number of open connections: 3
[NX v20.8.3 Daemon Server] - 2025-12-09T08:50:35.348Z - Closed a connection. Number of open connections: 2
[NX v20.8.3 Daemon Server] - 2025-12-09T08:50:35.349Z - Closed a connection. Number of open connections: 1
[NX v20.8.3 Daemon Server] - 2025-12-09T08:50:35.375Z - [REQUEST]: Client Request for Project Graph Received
[NX v20.8.3 Daemon Server] - 2025-12-09T08:50:35.519Z - Established a connection. Number of open connections: 2
[NX v20.8.3 Daemon Server] - 2025-12-09T08:50:35.523Z - Established a connection. Number of open connections: 3
[NX v20.8.3 Daemon Server] - 2025-12-09T08:50:35.525Z - Closed a connection. Number of open connections: 2
[NX v20.8.3 Daemon Server] - 2025-12-09T08:50:35.553Z - [REQUEST]: Client Request for Project Graph Received
[NX v20.8.3 Daemon Server] - 2025-12-09T08:50:38.490Z - Time taken for 'Load Nx Plugin: D:\ALM\SLB\node_modules\nx\src\plugins\project-json\build-nodes\project-json' 3094.9262ms
[NX v20.8.3 Daemon Server] - 2025-12-09T08:50:38.497Z - Time taken for 'Load Nx Plugin: D:\ALM\SLB\node_modules\nx\src\plugins\package-json' 3104.4190999999996ms
[NX v20.8.3 Daemon Server] - 2025-12-09T08:50:38.550Z - Closed a connection. Number of open connections: 1
[NX v20.8.3 Daemon Server] - 2025-12-09T08:50:38.551Z - Closed a connection. Number of open connections: 0



More information: d:\ALM\SLB\.nx\workspace-data\d\daemon.log